2022-02-23 11:55:07 INFO [org.hibernate.validator.internal.util.Version]: HV000001: Hibernate Validator 6.0.13.Final
2022-02-23 11:55:07 INFO [com.example.yin.YinMusicApplication]: Starting YinMusicApplication on DESKTOP-CLFJHSM with PID 31284 (D:\01_yr\01_workspace\ye-m\music-server\target\classes started by jxthx in D:\01_yr\01_workspace\ye-m\music-server)
2022-02-23 11:55:07 INFO [com.example.yin.YinMusicApplication]: No active profile set, falling back to default profiles: default
2022-02-23 11:55:07 INFO [org.springframework.boot.devtools.env.DevToolsPropertyDefaultsPostProcessor]: Devtools property defaults active! Set 'spring.devtools.add-properties' to 'false' to disable
2022-02-23 11:55:07 INFO [org.springframework.boot.devtools.env.DevToolsPropertyDefaultsPostProcessor]: For additional web related logging consider setting the 'logging.level.web' property to 'DEBUG'
2022-02-23 11:55:09 INFO [org.springframework.boot.web.embedded.tomcat.TomcatWebServer]: Tomcat initialized with port(s): 8888 (http)
2022-02-23 11:55:09 INFO [org.springframework.web.context.ContextLoader]: Root WebApplicationContext: initialization completed in 1682 ms
2022-02-23 11:55:09 INFO [org.springframework.scheduling.concurrent.ThreadPoolTaskExecutor]: Initializing ExecutorService 'applicationTaskExecutor'
2022-02-23 11:55:09 INFO [org.springframework.boot.devtools.autoconfigure.OptionalLiveReloadServer]: LiveReload server is running on port 35729
2022-02-23 11:55:09 INFO [org.springframework.boot.web.embedded.tomcat.TomcatWebServer]: Tomcat started on port(s): 8888 (http) with context path ''
2022-02-23 11:55:09 INFO [com.example.yin.YinMusicApplication]: Started YinMusicApplication in 2.413 seconds (JVM running for 3.362)
2022-02-23 11:55:30 INFO [org.springframework.web.servlet.DispatcherServlet]: Initializing Servlet 'dispatcherServlet'
2022-02-23 11:55:30 INFO [org.springframework.web.servlet.DispatcherServlet]: Completed initialization in 6 ms
2022-02-23 11:55:30 INFO [com.zaxxer.hikari.HikariDataSource]: HikariPool-1 - Starting...
2022-02-23 11:55:31 INFO [com.zaxxer.hikari.HikariDataSource]: HikariPool-1 - Start completed.
2022-02-23 11:55:35 ERROR [com.example.yin.service.impl.RankListServiceImpl]: 测试一下log
2022-02-23 11:56:30 ERROR [com.example.yin.service.impl.RankListServiceImpl]: 测试一下log
2022-02-23 11:56:36 ERROR [com.example.yin.service.impl.RankListServiceImpl]: 测试一下log
2022-02-23 12:40:58 WARN [com.zaxxer.hikari.pool.HikariPool]: HikariPool-1 - Thread starvation or clock leap detected (housekeeper delta=8m26s415ms142µs400ns).
2022-02-23 14:46:21 ERROR [com.example.yin.service.impl.RankListServiceImpl]: 测试一下log
2022-02-23 14:59:17 ERROR [com.example.yin.service.impl.RankListServiceImpl]: 测试一下log
2022-02-23 15:03:35 ERROR [com.example.yin.service.impl.RankListServiceImpl]: 测试一下log
2022-02-23 17:59:49 INFO [org.springframework.scheduling.concurrent.ThreadPoolTaskExecutor]: Shutting down ExecutorService 'applicationTaskExecutor'
2022-02-23 17:59:49 INFO [com.zaxxer.hikari.HikariDataSource]: HikariPool-1 - Shutdown initiated...
2022-02-23 17:59:49 INFO [com.zaxxer.hikari.HikariDataSource]: HikariPool-1 - Shutdown completed.
